[ 2018-12-30T11:49:35+08:00 ] 127.0.0.1 /index.php?g=&m=Grade&a=Repayment
INFO: [ app_begin ] --START--
INFO: Run Behavior\ReadHtmlCacheBehavior [ RunTime:0.000286s ]
INFO: Run Behavior\CheckLangBehavior [ RunTime:0.000523s ]
INFO: Run Common\Behavior\UrldecodeGetBehavior [ RunTime:0.000157s ]
INFO: [ app_begin ] --END-- [ RunTime:0.001192s ]
INFO: [ admin_begin ] --START--
INFO: Run Common\Behavior\AdminDefaultLangBehavior [ RunTime:0.000868s ]
INFO: [ admin_begin ] --END-- [ RunTime:0.000923s ]
SQL: SHOW COLUMNS FROM `admin_user` [ RunTime:0.0067s ]
SQL: SELECT * FROM `admin_user` WHERE `id` = 1 LIMIT 1   [ RunTime:0.0061s ]
SQL: SHOW COLUMNS FROM `agent_library` [ RunTime:0.0063s ]
SQL: SELECT * FROM `agent_library` WHERE ( id="2" AND user_id="1" AND openid="oKBRH47WaRpRYboyn9dENlIbW1EE" ) LIMIT 1   [ RunTime:0.0084s ]
SQL: UPDATE `agent_library` SET `card_mode`='1',`repaymenttime`='1546141775' WHERE ( id="2" AND user_id="1" AND openid="oKBRH47WaRpRYboyn9dENlIbW1EE" ) [ RunTime:0.0098s ]

[ 2018-12-30T12:59:36+08:00 ] 127.0.0.1 /index.php?g=&m=order&a=R_cardKeyword
INFO: [ app_begin ] --START--
INFO: Run Behavior\ReadHtmlCacheBehavior [ RunTime:0.000297s ]
INFO: Run Behavior\CheckLangBehavior [ RunTime:0.000513s ]
INFO: Run Common\Behavior\UrldecodeGetBehavior [ RunTime:0.000171s ]
INFO: [ app_begin ] --END-- [ RunTime:0.001220s ]
INFO: [ admin_begin ] --START--
INFO: Run Common\Behavior\AdminDefaultLangBehavior [ RunTime:0.000598s ]
INFO: [ admin_begin ] --END-- [ RunTime:0.000617s ]
SQL: SHOW COLUMNS FROM `admin_user` [ RunTime:0.0085s ]
SQL: SELECT * FROM `admin_user` WHERE `id` = 1 LIMIT 1   [ RunTime:0.0062s ]
SQL: SHOW COLUMNS FROM `oil_card` [ RunTime:0.0069s ]
SQL: SELECT * FROM `oil_card` WHERE `card_no` = '1000000000000102' LIMIT 1   [ RunTime:0.0074s ]
NOTIC: [8] Undefined index: system_id D:\PHPTutorial\WWW\youpinwei\application\Admin\Controller\OrderController.class.php 第 36 行.
NOTIC: [8] Undefined index: discount D:\PHPTutorial\WWW\youpinwei\application\Admin\Controller\OrderController.class.php 第 42 行.
NOTIC: [8] Undefined index: url D:\PHPTutorial\WWW\youpinwei\application\Common\Controller\AppframeController.class.php 第 22 行.

[ 2018-12-30T13:02:37+08:00 ] 127.0.0.1 /index.php?g=&m=order&a=R_cardKeyword
INFO: [ app_begin ] --START--
INFO: Run Behavior\ReadHtmlCacheBehavior [ RunTime:0.000259s ]
INFO: Run Behavior\CheckLangBehavior [ RunTime:0.000500s ]
INFO: Run Common\Behavior\UrldecodeGetBehavior [ RunTime:0.000157s ]
INFO: [ app_begin ] --END-- [ RunTime:0.001115s ]
INFO: [ admin_begin ] --START--
INFO: Run Common\Behavior\AdminDefaultLangBehavior [ RunTime:0.000581s ]
INFO: [ admin_begin ] --END-- [ RunTime:0.000601s ]
SQL: SHOW COLUMNS FROM `admin_user` [ RunTime:0.0057s ]
SQL: SELECT * FROM `admin_user` WHERE `id` = 1 LIMIT 1   [ RunTime:0.0055s ]
SQL: SHOW COLUMNS FROM `oil_card` [ RunTime:0.0061s ]
SQL: SELECT * FROM `oil_card` WHERE `card_no` = '1000000000000102' LIMIT 1   [ RunTime:0.0061s ]
NOTIC: [8] Undefined index: system_id D:\PHPTutorial\WWW\youpinwei\application\Admin\Controller\OrderController.class.php 第 36 行.
NOTIC: [8] Undefined index: discount D:\PHPTutorial\WWW\youpinwei\application\Admin\Controller\OrderController.class.php 第 42 行.
NOTIC: [8] Undefined index: url D:\PHPTutorial\WWW\youpinwei\application\Common\Controller\AppframeController.class.php 第 22 行.

[ 2018-12-30T13:03:19+08:00 ] 127.0.0.1 /index.php?g=&m=order&a=R_cardKeyword
INFO: [ app_begin ] --START--
INFO: Run Behavior\ReadHtmlCacheBehavior [ RunTime:0.000261s ]
INFO: Run Behavior\CheckLangBehavior [ RunTime:0.000651s ]
INFO: Run Common\Behavior\UrldecodeGetBehavior [ RunTime:0.000159s ]
INFO: [ app_begin ] --END-- [ RunTime:0.001278s ]
INFO: [ admin_begin ] --START--
INFO: Run Common\Behavior\AdminDefaultLangBehavior [ RunTime:0.000600s ]
INFO: [ admin_begin ] --END-- [ RunTime:0.000628s ]
SQL: SHOW COLUMNS FROM `admin_user` [ RunTime:0.0066s ]
SQL: SELECT * FROM `admin_user` WHERE `id` = 1 LIMIT 1   [ RunTime:0.0061s ]
SQL: SHOW COLUMNS FROM `oil_card` [ RunTime:0.0069s ]
SQL: SELECT * FROM `oil_card` WHERE `card_no` = '1000000000000102' LIMIT 1   [ RunTime:0.0070s ]
NOTIC: [8] Undefined index: system_id D:\PHPTutorial\WWW\youpinwei\application\Admin\Controller\OrderController.class.php 第 36 行.
NOTIC: [8] Undefined index: discount D:\PHPTutorial\WWW\youpinwei\application\Admin\Controller\OrderController.class.php 第 42 行.
NOTIC: [8] Undefined index: url D:\PHPTutorial\WWW\youpinwei\application\Common\Controller\AppframeController.class.php 第 22 行.

[ 2018-12-30T13:04:02+08:00 ] 127.0.0.1 /index.php?g=&m=order&a=R_cardKeyword
INFO: [ app_begin ] --START--
INFO: Run Behavior\ReadHtmlCacheBehavior [ RunTime:0.000255s ]
INFO: Run Behavior\CheckLangBehavior [ RunTime:0.000525s ]
INFO: Run Common\Behavior\UrldecodeGetBehavior [ RunTime:0.000169s ]
INFO: [ app_begin ] --END-- [ RunTime:0.001147s ]
INFO: [ admin_begin ] --START--
INFO: Run Common\Behavior\AdminDefaultLangBehavior [ RunTime:0.000623s ]
INFO: [ admin_begin ] --END-- [ RunTime:0.000649s ]
SQL: SHOW COLUMNS FROM `admin_user` [ RunTime:0.0074s ]
SQL: SELECT * FROM `admin_user` WHERE `id` = 1 LIMIT 1   [ RunTime:0.0059s ]
SQL: SHOW COLUMNS FROM `oil_card` [ RunTime:0.0067s ]
SQL: SELECT * FROM `oil_card` WHERE `card_no` = '1000000000000102' LIMIT 1   [ RunTime:0.0065s ]
NOTIC: [8] Undefined index: system_id D:\PHPTutorial\WWW\youpinwei\application\Admin\Controller\OrderController.class.php 第 36 行.
NOTIC: [8] Undefined index: discount D:\PHPTutorial\WWW\youpinwei\application\Admin\Controller\OrderController.class.php 第 42 行.
NOTIC: [8] Undefined index: url D:\PHPTutorial\WWW\youpinwei\application\Common\Controller\AppframeController.class.php 第 22 行.

