[ 2018-12-28T13:33:36+08:00 ] 127.0.0.1 /index.php?g=&m=public&a=dologin
INFO: [ app_begin ] --START--
INFO: Run Behavior\ReadHtmlCacheBehavior [ RunTime:0.000301s ]
INFO: Run Behavior\CheckLangBehavior [ RunTime:0.000567s ]
INFO: Run Common\Behavior\UrldecodeGetBehavior [ RunTime:0.000166s ]
INFO: [ app_begin ] --END-- [ RunTime:0.001257s ]
INFO: [ admin_begin ] --START--
INFO: Run Common\Behavior\AdminDefaultLangBehavior [ RunTime:0.000649s ]
INFO: [ admin_begin ] --END-- [ RunTime:0.000670s ]
NOTIC: [8] Undefined index: CONFIG_ID D:\PHPTutorial\WWW\youpinwei\application\Common\Controller\AdminbaseController.class.php 第 20 行.
SQL: SHOW COLUMNS FROM `admin_user` [ RunTime:0.0058s ]
SQL: SELECT * FROM `admin_user` LIMIT 1   [ RunTime:0.0055s ]

[ 2018-12-28T13:33:56+08:00 ] 127.0.0.1 /index.php?g=&m=public&a=dologin
INFO: [ app_begin ] --START--
INFO: Run Behavior\ReadHtmlCacheBehavior [ RunTime:0.000318s ]
INFO: Run Behavior\CheckLangBehavior [ RunTime:0.000584s ]
INFO: Run Common\Behavior\UrldecodeGetBehavior [ RunTime:0.000164s ]
INFO: [ app_begin ] --END-- [ RunTime:0.001291s ]
INFO: [ admin_begin ] --START--
INFO: Run Common\Behavior\AdminDefaultLangBehavior [ RunTime:0.000647s ]
INFO: [ admin_begin ] --END-- [ RunTime:0.000667s ]
NOTIC: [8] Undefined index: CONFIG_ID D:\PHPTutorial\WWW\youpinwei\application\Common\Controller\AdminbaseController.class.php 第 20 行.
SQL: SHOW COLUMNS FROM `admin_user` [ RunTime:0.0074s ]
SQL: SELECT * FROM `admin_user` LIMIT 1   [ RunTime:0.0069s ]
SQL: UPDATE `admin_user` SET `username`='lianzhiwen',`password`='d41d8cd98f00698d51a19d8a121ce581499d7b701668427e',`user_group_id`='0',`status`='1',`email`='',`logined_ip`='',`logined`='0000-00-00 00:00:00',`created`='0000-00-00 00:00:00' WHERE `id` = 1 [ RunTime:0.0101s ]

[ 2018-12-28T13:46:49+08:00 ] 127.0.0.1 /index.php?g=&m=public&a=dologin
INFO: [ app_begin ] --START--
INFO: Run Behavior\ReadHtmlCacheBehavior [ RunTime:0.000332s ]
INFO: Run Behavior\CheckLangBehavior [ RunTime:0.000550s ]
INFO: Run Common\Behavior\UrldecodeGetBehavior [ RunTime:0.000159s ]
INFO: [ app_begin ] --END-- [ RunTime:0.001306s ]
INFO: [ admin_begin ] --START--
INFO: Run Common\Behavior\AdminDefaultLangBehavior [ RunTime:0.000615s ]
INFO: [ admin_begin ] --END-- [ RunTime:0.000635s ]
NOTIC: [8] Undefined index: CONFIG_ID D:\PHPTutorial\WWW\youpinwei\application\Common\Controller\AdminbaseController.class.php 第 20 行.
SQL: SHOW COLUMNS FROM `admin_user` [ RunTime:0.0064s ]
SQL: SELECT * FROM `admin_user` LIMIT 1   [ RunTime:0.0069s ]

[ 2018-12-28T13:47:10+08:00 ] 127.0.0.1 /index.php?g=&m=public&a=dologin
INFO: [ app_begin ] --START--
INFO: Run Behavior\ReadHtmlCacheBehavior [ RunTime:0.000526s ]
INFO: Run Behavior\CheckLangBehavior [ RunTime:0.000716s ]
INFO: Run Common\Behavior\UrldecodeGetBehavior [ RunTime:0.000179s ]
INFO: [ app_begin ] --END-- [ RunTime:0.001762s ]
INFO: [ admin_begin ] --START--
INFO: Run Common\Behavior\AdminDefaultLangBehavior [ RunTime:0.000827s ]
INFO: [ admin_begin ] --END-- [ RunTime:0.000869s ]
NOTIC: [8] Undefined index: CONFIG_ID D:\PHPTutorial\WWW\youpinwei\application\Common\Controller\AdminbaseController.class.php 第 20 行.
SQL: SHOW COLUMNS FROM `admin_user` [ RunTime:0.0068s ]
SQL: SELECT * FROM `admin_user` LIMIT 1   [ RunTime:0.0067s ]

[ 2018-12-28T13:50:12+08:00 ] 127.0.0.1 /index.php?g=&m=public&a=dologin
INFO: [ app_begin ] --START--
INFO: Run Behavior\ReadHtmlCacheBehavior [ RunTime:0.000499s ]
INFO: Run Behavior\CheckLangBehavior [ RunTime:0.000718s ]
INFO: Run Common\Behavior\UrldecodeGetBehavior [ RunTime:0.000202s ]
INFO: [ app_begin ] --END-- [ RunTime:0.001737s ]
INFO: [ admin_begin ] --START--
INFO: Run Common\Behavior\AdminDefaultLangBehavior [ RunTime:0.000670s ]
INFO: [ admin_begin ] --END-- [ RunTime:0.000693s ]
NOTIC: [8] Undefined index: CONFIG_ID D:\PHPTutorial\WWW\youpinwei\application\Common\Controller\AdminbaseController.class.php 第 20 行.
SQL: SHOW COLUMNS FROM `admin_user` [ RunTime:0.0057s ]
ERR: Call to undefined function Admin\Controller\Model()

[ 2018-12-28T13:52:09+08:00 ] 127.0.0.1 /index.php?g=&m=public&a=dologin
INFO: [ app_begin ] --START--
INFO: Run Behavior\ReadHtmlCacheBehavior [ RunTime:0.000305s ]
INFO: Run Behavior\CheckLangBehavior [ RunTime:0.000593s ]
INFO: Run Common\Behavior\UrldecodeGetBehavior [ RunTime:0.000248s ]
INFO: [ app_begin ] --END-- [ RunTime:0.001371s ]
INFO: [ admin_begin ] --START--
INFO: Run Common\Behavior\AdminDefaultLangBehavior [ RunTime:0.000731s ]
INFO: [ admin_begin ] --END-- [ RunTime:0.000752s ]
NOTIC: [8] Undefined index: CONFIG_ID D:\PHPTutorial\WWW\youpinwei\application\Common\Controller\AdminbaseController.class.php 第 20 行.

[ 2018-12-28T13:52:18+08:00 ] 127.0.0.1 /index.php?g=&m=public&a=dologin
INFO: [ app_begin ] --START--
INFO: Run Behavior\ReadHtmlCacheBehavior [ RunTime:0.000297s ]
INFO: Run Behavior\CheckLangBehavior [ RunTime:0.000554s ]
INFO: Run Common\Behavior\UrldecodeGetBehavior [ RunTime:0.000226s ]
INFO: [ app_begin ] --END-- [ RunTime:0.001294s ]
INFO: [ admin_begin ] --START--
INFO: Run Common\Behavior\AdminDefaultLangBehavior [ RunTime:0.000695s ]
INFO: [ admin_begin ] --END-- [ RunTime:0.000715s ]
NOTIC: [8] Undefined index: CONFIG_ID D:\PHPTutorial\WWW\youpinwei\application\Common\Controller\AdminbaseController.class.php 第 20 行.
SQL: SHOW COLUMNS FROM `admin_user` [ RunTime:0.0106s ]
SQL: SELECT * FROM `admin_user` LIMIT 1   [ RunTime:0.0060s ]
ERR: Call to undefined function Admin\Controller\db()

[ 2018-12-28T13:52:41+08:00 ] 127.0.0.1 /index.php?g=&m=public&a=dologin
INFO: [ app_begin ] --START--
INFO: Run Behavior\ReadHtmlCacheBehavior [ RunTime:0.000317s ]
INFO: Run Behavior\CheckLangBehavior [ RunTime:0.000589s ]
INFO: Run Common\Behavior\UrldecodeGetBehavior [ RunTime:0.000329s ]
INFO: [ app_begin ] --END-- [ RunTime:0.001488s ]
INFO: [ admin_begin ] --START--
INFO: Run Common\Behavior\AdminDefaultLangBehavior [ RunTime:0.000737s ]
INFO: [ admin_begin ] --END-- [ RunTime:0.000761s ]
NOTIC: [8] Undefined index: CONFIG_ID D:\PHPTutorial\WWW\youpinwei\application\Common\Controller\AdminbaseController.class.php 第 20 行.
SQL: SHOW COLUMNS FROM `admin_user` [ RunTime:0.0142s ]
SQL: SELECT * FROM `admin_user` LIMIT 1   [ RunTime:0.0109s ]

[ 2018-12-28T13:55:35+08:00 ] 127.0.0.1 /index.php?g=&m=public&a=dologin
INFO: [ app_begin ] --START--
INFO: Run Behavior\ReadHtmlCacheBehavior [ RunTime:0.000302s ]
INFO: Run Behavior\CheckLangBehavior [ RunTime:0.000579s ]
INFO: Run Common\Behavior\UrldecodeGetBehavior [ RunTime:0.000231s ]
INFO: [ app_begin ] --END-- [ RunTime:0.001335s ]
INFO: [ admin_begin ] --START--
INFO: Run Common\Behavior\AdminDefaultLangBehavior [ RunTime:0.000749s ]
INFO: [ admin_begin ] --END-- [ RunTime:0.000773s ]
NOTIC: [8] Undefined index: CONFIG_ID D:\PHPTutorial\WWW\youpinwei\application\Common\Controller\AdminbaseController.class.php 第 20 行.
SQL: SHOW COLUMNS FROM `admin_user` [ RunTime:0.0065s ]
SQL: SELECT * FROM `admin_user` LIMIT 1   [ RunTime:0.0061s ]

[ 2018-12-28T13:57:29+08:00 ] 127.0.0.1 /index.php?g=&m=public&a=dologin
INFO: [ app_begin ] --START--
INFO: Run Behavior\ReadHtmlCacheBehavior [ RunTime:0.000300s ]
INFO: Run Behavior\CheckLangBehavior [ RunTime:0.000587s ]
INFO: Run Common\Behavior\UrldecodeGetBehavior [ RunTime:0.000231s ]
INFO: [ app_begin ] --END-- [ RunTime:0.001340s ]
INFO: [ admin_begin ] --START--
INFO: Run Common\Behavior\AdminDefaultLangBehavior [ RunTime:0.000749s ]
INFO: [ admin_begin ] --END-- [ RunTime:0.000769s ]
NOTIC: [8] Undefined index: CONFIG_ID D:\PHPTutorial\WWW\youpinwei\application\Common\Controller\AdminbaseController.class.php 第 20 行.
SQL: SHOW COLUMNS FROM `admin_user` [ RunTime:0.0065s ]
SQL: SELECT * FROM `admin_user` WHERE `username` = 'admin' LIMIT 1   [ RunTime:0.0052s ]

[ 2018-12-28T13:57:42+08:00 ] 127.0.0.1 /index.php?g=&m=public&a=dologin
INFO: [ app_begin ] --START--
INFO: Run Behavior\ReadHtmlCacheBehavior [ RunTime:0.000302s ]
INFO: Run Behavior\CheckLangBehavior [ RunTime:0.000601s ]
INFO: Run Common\Behavior\UrldecodeGetBehavior [ RunTime:0.000237s ]
INFO: [ app_begin ] --END-- [ RunTime:0.001366s ]
INFO: [ admin_begin ] --START--
INFO: Run Common\Behavior\AdminDefaultLangBehavior [ RunTime:0.000740s ]
INFO: [ admin_begin ] --END-- [ RunTime:0.000762s ]
NOTIC: [8] Undefined index: CONFIG_ID D:\PHPTutorial\WWW\youpinwei\application\Common\Controller\AdminbaseController.class.php 第 20 行.
SQL: SHOW COLUMNS FROM `admin_user` [ RunTime:0.0063s ]
SQL: SELECT * FROM `admin_user` WHERE `username` = 'admin' LIMIT 1   [ RunTime:0.0063s ]

[ 2018-12-28T14:01:57+08:00 ] 127.0.0.1 /index.php?g=&m=public&a=dologin
INFO: [ app_begin ] --START--
INFO: Run Behavior\ReadHtmlCacheBehavior [ RunTime:0.000613s ]
INFO: Run Behavior\CheckLangBehavior [ RunTime:0.000740s ]
INFO: Run Common\Behavior\UrldecodeGetBehavior [ RunTime:0.000235s ]
INFO: [ app_begin ] --END-- [ RunTime:0.001891s ]
INFO: [ admin_begin ] --START--
INFO: Run Common\Behavior\AdminDefaultLangBehavior [ RunTime:0.000946s ]
INFO: [ admin_begin ] --END-- [ RunTime:0.000970s ]
NOTIC: [8] Undefined index: CONFIG_ID D:\PHPTutorial\WWW\youpinwei\application\Common\Controller\AdminbaseController.class.php 第 20 行.
SQL: SHOW COLUMNS FROM `admin_user` [ RunTime:0.0062s ]
SQL: SELECT * FROM `admin_user` WHERE `username` = 'admin' LIMIT 1   [ RunTime:0.0060s ]

[ 2018-12-28T14:31:58+08:00 ] 127.0.0.1 /index.php?g=&m=public&a=dologin
INFO: [ app_begin ] --START--
INFO: Run Behavior\ReadHtmlCacheBehavior [ RunTime:0.000300s ]
INFO: Run Behavior\CheckLangBehavior [ RunTime:0.000613s ]
INFO: Run Common\Behavior\UrldecodeGetBehavior [ RunTime:0.000262s ]
INFO: [ app_begin ] --END-- [ RunTime:0.001397s ]
INFO: [ admin_begin ] --START--
INFO: Run Common\Behavior\AdminDefaultLangBehavior [ RunTime:0.001054s ]
INFO: [ admin_begin ] --END-- [ RunTime:0.001098s ]
NOTIC: [8] Undefined index: CONFIG_ID D:\PHPTutorial\WWW\youpinwei\application\Common\Controller\AdminbaseController.class.php 第 20 行.

[ 2018-12-28T14:31:59+08:00 ] 127.0.0.1 /index.php?g=&m=public&a=dologin
INFO: [ app_begin ] --START--
INFO: Run Behavior\ReadHtmlCacheBehavior [ RunTime:0.000299s ]
INFO: Run Behavior\CheckLangBehavior [ RunTime:0.000609s ]
INFO: Run Common\Behavior\UrldecodeGetBehavior [ RunTime:0.000264s ]
INFO: [ app_begin ] --END-- [ RunTime:0.001392s ]
INFO: [ admin_begin ] --START--
INFO: Run Common\Behavior\AdminDefaultLangBehavior [ RunTime:0.000797s ]
INFO: [ admin_begin ] --END-- [ RunTime:0.000817s ]
NOTIC: [8] Undefined index: CONFIG_ID D:\PHPTutorial\WWW\youpinwei\application\Common\Controller\AdminbaseController.class.php 第 20 行.

[ 2018-12-28T14:32:00+08:00 ] 127.0.0.1 /index.php?g=&m=public&a=dologin
INFO: [ app_begin ] --START--
INFO: Run Behavior\ReadHtmlCacheBehavior [ RunTime:0.000310s ]
INFO: Run Behavior\CheckLangBehavior [ RunTime:0.000628s ]
INFO: Run Common\Behavior\UrldecodeGetBehavior [ RunTime:0.000281s ]
INFO: [ app_begin ] --END-- [ RunTime:0.001461s ]
INFO: [ admin_begin ] --START--
INFO: Run Common\Behavior\AdminDefaultLangBehavior [ RunTime:0.000810s ]
INFO: [ admin_begin ] --END-- [ RunTime:0.000831s ]
NOTIC: [8] Undefined index: CONFIG_ID D:\PHPTutorial\WWW\youpinwei\application\Common\Controller\AdminbaseController.class.php 第 20 行.

[ 2018-12-28T14:32:01+08:00 ] 127.0.0.1 /index.php?g=&m=public&a=dologin
INFO: [ app_begin ] --START--
INFO: Run Behavior\ReadHtmlCacheBehavior [ RunTime:0.000308s ]
INFO: Run Behavior\CheckLangBehavior [ RunTime:0.000630s ]
INFO: Run Common\Behavior\UrldecodeGetBehavior [ RunTime:0.000273s ]
INFO: [ app_begin ] --END-- [ RunTime:0.001438s ]
INFO: [ admin_begin ] --START--
INFO: Run Common\Behavior\AdminDefaultLangBehavior [ RunTime:0.001367s ]
INFO: [ admin_begin ] --END-- [ RunTime:0.001464s ]
NOTIC: [8] Undefined index: CONFIG_ID D:\PHPTutorial\WWW\youpinwei\application\Common\Controller\AdminbaseController.class.php 第 20 行.

[ 2018-12-28T14:32:35+08:00 ] 127.0.0.1 /index.php?g=admin&m=public&a=login
ERR: syntax error, unexpected '}', expecting end of file

[ 2018-12-28T14:32:43+08:00 ] 127.0.0.1 /index.php?g=admin&m=public&a=login
ERR: syntax error, unexpected '}', expecting end of file

[ 2018-12-28T14:33:00+08:00 ] 127.0.0.1 /index.php?g=&m=public&a=dologin
INFO: [ app_begin ] --START--
INFO: Run Behavior\ReadHtmlCacheBehavior [ RunTime:0.000307s ]
INFO: Run Behavior\CheckLangBehavior [ RunTime:0.000619s ]
INFO: Run Common\Behavior\UrldecodeGetBehavior [ RunTime:0.000269s ]
INFO: [ app_begin ] --END-- [ RunTime:0.001436s ]
INFO: [ admin_begin ] --START--
INFO: Run Common\Behavior\AdminDefaultLangBehavior [ RunTime:0.000825s ]
INFO: [ admin_begin ] --END-- [ RunTime:0.000861s ]
NOTIC: [8] Undefined index: CONFIG_ID D:\PHPTutorial\WWW\youpinwei\application\Common\Controller\AdminbaseController.class.php 第 20 行.

[ 2018-12-28T14:33:09+08:00 ] 127.0.0.1 /index.php?g=&m=public&a=dologin
INFO: [ app_begin ] --START--
INFO: Run Behavior\ReadHtmlCacheBehavior [ RunTime:0.000315s ]
INFO: Run Behavior\CheckLangBehavior [ RunTime:0.000714s ]
INFO: Run Common\Behavior\UrldecodeGetBehavior [ RunTime:0.000387s ]
INFO: [ app_begin ] --END-- [ RunTime:0.001646s ]
INFO: [ admin_begin ] --START--
INFO: Run Common\Behavior\AdminDefaultLangBehavior [ RunTime:0.000814s ]
INFO: [ admin_begin ] --END-- [ RunTime:0.000835s ]
NOTIC: [8] Undefined index: CONFIG_ID D:\PHPTutorial\WWW\youpinwei\application\Common\Controller\AdminbaseController.class.php 第 20 行.

[ 2018-12-28T14:33:11+08:00 ] 127.0.0.1 /index.php?g=&m=public&a=dologin
INFO: [ app_begin ] --START--
INFO: Run Behavior\ReadHtmlCacheBehavior [ RunTime:0.000321s ]
INFO: Run Behavior\CheckLangBehavior [ RunTime:0.000626s ]
INFO: Run Common\Behavior\UrldecodeGetBehavior [ RunTime:0.000267s ]
INFO: [ app_begin ] --END-- [ RunTime:0.001488s ]
INFO: [ admin_begin ] --START--
INFO: Run Common\Behavior\AdminDefaultLangBehavior [ RunTime:0.000807s ]
INFO: [ admin_begin ] --END-- [ RunTime:0.000828s ]
NOTIC: [8] Undefined index: CONFIG_ID D:\PHPTutorial\WWW\youpinwei\application\Common\Controller\AdminbaseController.class.php 第 20 行.

[ 2018-12-28T14:33:12+08:00 ] 127.0.0.1 /index.php?g=&m=public&a=dologin
INFO: [ app_begin ] --START--
INFO: Run Behavior\ReadHtmlCacheBehavior [ RunTime:0.000569s ]
INFO: Run Behavior\CheckLangBehavior [ RunTime:0.000655s ]
INFO: Run Common\Behavior\UrldecodeGetBehavior [ RunTime:0.000268s ]
INFO: [ app_begin ] --END-- [ RunTime:0.001841s ]
INFO: [ admin_begin ] --START--
INFO: Run Common\Behavior\AdminDefaultLangBehavior [ RunTime:0.000801s ]
INFO: [ admin_begin ] --END-- [ RunTime:0.000821s ]
NOTIC: [8] Undefined index: CONFIG_ID D:\PHPTutorial\WWW\youpinwei\application\Common\Controller\AdminbaseController.class.php 第 20 行.

[ 2018-12-28T14:33:12+08:00 ] 127.0.0.1 /index.php?g=&m=public&a=dologin
INFO: [ app_begin ] --START--
INFO: Run Behavior\ReadHtmlCacheBehavior [ RunTime:0.000302s ]
INFO: Run Behavior\CheckLangBehavior [ RunTime:0.000632s ]
INFO: Run Common\Behavior\UrldecodeGetBehavior [ RunTime:0.000265s ]
INFO: [ app_begin ] --END-- [ RunTime:0.001429s ]
INFO: [ admin_begin ] --START--
INFO: Run Common\Behavior\AdminDefaultLangBehavior [ RunTime:0.000808s ]
INFO: [ admin_begin ] --END-- [ RunTime:0.000829s ]
NOTIC: [8] Undefined index: CONFIG_ID D:\PHPTutorial\WWW\youpinwei\application\Common\Controller\AdminbaseController.class.php 第 20 行.

[ 2018-12-28T14:33:29+08:00 ] 127.0.0.1 /index.php?g=&m=public&a=dologin
INFO: [ app_begin ] --START--
INFO: Run Behavior\ReadHtmlCacheBehavior [ RunTime:0.000300s ]
INFO: Run Behavior\CheckLangBehavior [ RunTime:0.000624s ]
INFO: Run Common\Behavior\UrldecodeGetBehavior [ RunTime:0.000270s ]
INFO: [ app_begin ] --END-- [ RunTime:0.001423s ]
INFO: [ admin_begin ] --START--
INFO: Run Common\Behavior\AdminDefaultLangBehavior [ RunTime:0.000809s ]
INFO: [ admin_begin ] --END-- [ RunTime:0.000829s ]
NOTIC: [8] Undefined index: CONFIG_ID D:\PHPTutorial\WWW\youpinwei\application\Common\Controller\AdminbaseController.class.php 第 20 行.

[ 2018-12-28T14:33:31+08:00 ] 127.0.0.1 /index.php?g=&m=public&a=dologin
INFO: [ app_begin ] --START--
INFO: Run Behavior\ReadHtmlCacheBehavior [ RunTime:0.000308s ]
INFO: Run Behavior\CheckLangBehavior [ RunTime:0.000621s ]
INFO: Run Common\Behavior\UrldecodeGetBehavior [ RunTime:0.000270s ]
INFO: [ app_begin ] --END-- [ RunTime:0.001427s ]
INFO: [ admin_begin ] --START--
INFO: Run Common\Behavior\AdminDefaultLangBehavior [ RunTime:0.000812s ]
INFO: [ admin_begin ] --END-- [ RunTime:0.000831s ]
NOTIC: [8] Undefined index: CONFIG_ID D:\PHPTutorial\WWW\youpinwei\application\Common\Controller\AdminbaseController.class.php 第 20 行.

[ 2018-12-28T14:33:32+08:00 ] 127.0.0.1 /index.php?g=&m=public&a=dologin
INFO: [ app_begin ] --START--
INFO: Run Behavior\ReadHtmlCacheBehavior [ RunTime:0.000306s ]
INFO: Run Behavior\CheckLangBehavior [ RunTime:0.001001s ]
INFO: Run Common\Behavior\UrldecodeGetBehavior [ RunTime:0.000346s ]
INFO: [ app_begin ] --END-- [ RunTime:0.001897s ]
INFO: [ admin_begin ] --START--
INFO: Run Common\Behavior\AdminDefaultLangBehavior [ RunTime:0.000813s ]
INFO: [ admin_begin ] --END-- [ RunTime:0.000834s ]
NOTIC: [8] Undefined index: CONFIG_ID D:\PHPTutorial\WWW\youpinwei\application\Common\Controller\AdminbaseController.class.php 第 20 行.

[ 2018-12-28T14:33:32+08:00 ] 127.0.0.1 /index.php?g=&m=public&a=dologin
INFO: [ app_begin ] --START--
INFO: Run Behavior\ReadHtmlCacheBehavior [ RunTime:0.000301s ]
INFO: Run Behavior\CheckLangBehavior [ RunTime:0.000614s ]
INFO: Run Common\Behavior\UrldecodeGetBehavior [ RunTime:0.000267s ]
INFO: [ app_begin ] --END-- [ RunTime:0.001405s ]
INFO: [ admin_begin ] --START--
INFO: Run Common\Behavior\AdminDefaultLangBehavior [ RunTime:0.001004s ]
INFO: [ admin_begin ] --END-- [ RunTime:0.001027s ]
NOTIC: [8] Undefined index: CONFIG_ID D:\PHPTutorial\WWW\youpinwei\application\Common\Controller\AdminbaseController.class.php 第 20 行.

[ 2018-12-28T14:33:42+08:00 ] 127.0.0.1 /index.php?g=&m=public&a=dologin
INFO: [ app_begin ] --START--
INFO: Run Behavior\ReadHtmlCacheBehavior [ RunTime:0.000316s ]
INFO: Run Behavior\CheckLangBehavior [ RunTime:0.000724s ]
INFO: Run Common\Behavior\UrldecodeGetBehavior [ RunTime:0.000536s ]
INFO: [ app_begin ] --END-- [ RunTime:0.001817s ]
INFO: [ admin_begin ] --START--
INFO: Run Common\Behavior\AdminDefaultLangBehavior [ RunTime:0.000825s ]
INFO: [ admin_begin ] --END-- [ RunTime:0.000850s ]
NOTIC: [8] Undefined index: CONFIG_ID D:\PHPTutorial\WWW\youpinwei\application\Common\Controller\AdminbaseController.class.php 第 20 行.

[ 2018-12-28T14:34:00+08:00 ] 127.0.0.1 /index.php?g=&m=public&a=dologin
INFO: [ app_begin ] --START--
INFO: Run Behavior\ReadHtmlCacheBehavior [ RunTime:0.000876s ]
INFO: Run Behavior\CheckLangBehavior [ RunTime:0.000797s ]
INFO: Run Common\Behavior\UrldecodeGetBehavior [ RunTime:0.000287s ]
INFO: [ app_begin ] --END-- [ RunTime:0.002791s ]
INFO: [ admin_begin ] --START--
INFO: Run Common\Behavior\AdminDefaultLangBehavior [ RunTime:0.000804s ]
INFO: [ admin_begin ] --END-- [ RunTime:0.000825s ]
NOTIC: [8] Undefined index: CONFIG_ID D:\PHPTutorial\WWW\youpinwei\application\Common\Controller\AdminbaseController.class.php 第 20 行.

[ 2018-12-28T14:34:23+08:00 ] 127.0.0.1 /index.php?g=&m=public&a=dologin
INFO: [ app_begin ] --START--
INFO: Run Behavior\ReadHtmlCacheBehavior [ RunTime:0.000300s ]
INFO: Run Behavior\CheckLangBehavior [ RunTime:0.000615s ]
INFO: Run Common\Behavior\UrldecodeGetBehavior [ RunTime:0.000266s ]
INFO: [ app_begin ] --END-- [ RunTime:0.001403s ]
INFO: [ admin_begin ] --START--
INFO: Run Common\Behavior\AdminDefaultLangBehavior [ RunTime:0.000801s ]
INFO: [ admin_begin ] --END-- [ RunTime:0.000821s ]
NOTIC: [8] Undefined index: CONFIG_ID D:\PHPTutorial\WWW\youpinwei\application\Common\Controller\AdminbaseController.class.php 第 20 行.
SQL: SHOW COLUMNS FROM `admin_user` [ RunTime:0.0053s ]
SQL: SELECT * FROM `admin_user` WHERE `username` = 'lianzhiwen' LIMIT 1   [ RunTime:0.0055s ]
SQL: UPDATE `admin_user` SET `username`='lianzhiwen',`password`='d41d8cd98f00698d51a19d8a121ce581499d7b701668427e',`user_group_id`='0',`status`='1',`email`='',`logined_ip`='',`logined`='0000-00-00 00:00:00',`created`='0000-00-00 00:00:00' WHERE `id` = 1 [ RunTime:0.0047s ]

