[ 2018-12-29T21:29:53+08:00 ] 127.0.0.1 /index.php?g=&m=Grade&a=confirmSendCard
INFO: [ app_begin ] --START--
INFO: Run Behavior\ReadHtmlCacheBehavior [ RunTime:0.000340s ]
INFO: Run Behavior\CheckLangBehavior [ RunTime:0.000618s ]
INFO: Run Common\Behavior\UrldecodeGetBehavior [ RunTime:0.000229s ]
INFO: [ app_begin ] --END-- [ RunTime:0.001455s ]
INFO: [ admin_begin ] --START--
INFO: Run Common\Behavior\AdminDefaultLangBehavior [ RunTime:0.000729s ]
INFO: [ admin_begin ] --END-- [ RunTime:0.000749s ]
SQL: SHOW COLUMNS FROM `admin_user` [ RunTime:0.0061s ]
SQL: SELECT * FROM `admin_user` WHERE `id` = 1 LIMIT 1   [ RunTime:0.0055s ]
NOTIC: [8] Undefined index: CONFIG_ID D:\PHPTutorial\WWW\youpinwei\application\Common\Controller\AdminbaseController.class.php Á¨¨ 20 Ë°å.
SQL: SHOW COLUMNS FROM `user` [ RunTime:0.0062s ]
SQL: SELECT * FROM `user` WHERE `openid` = 'oKBRH42ngYUOiQM55jK0QnBAsphg' LIMIT 1   [ RunTime:0.0063s ]
SQL: SHOW COLUMNS FROM `agent_library` [ RunTime:0.0057s ]
SQL: INSERT INTO `agent_library` (`user_id`,`openid`,`start_card_no`,`end_card_no`,`each_price`,`card_mode`,`createtime`) VALUES ('10','oKBRH42ngYUOiQM55jK0QnBAsphg','1000000000000080','','0','0','2018-12-29 21:29:53') [ RunTime:0.0095s ]
NOTIC: [8] Undefined variable: arr D:\PHPTutorial\WWW\youpinwei\application\Admin\Controller\GradeController.class.php Á¨¨ 466 Ë°å.
NOTIC: [8] Undefined variable: arr D:\PHPTutorial\WWW\youpinwei\application\Admin\Controller\GradeController.class.php Á¨¨ 468 Ë°å.
SQL: SHOW COLUMNS FROM `user_apply` [ RunTime:0.0065s ]
SQL: INSERT INTO `user_apply` (`user_id`,`receive_person`,`phone`,`address`,`card_number`,`shop_name`,`deliver_number`,`serial_number`) VALUES ('10','','','','0','‰∏≠Áü≥Ê≤πÂä†Ê≤πÂç°','0','20180313916036') [ RunTime:0.0048s ]
NOTIC: [8] Undefined variable: result1 D:\PHPTutorial\WWW\youpinwei\application\Admin\Controller\GradeController.class.php Á¨¨ 474 Ë°å.
INFO: [ app_end ] --START--
INFO: Run Behavior\ShowPageTraceBehavior [ RunTime:0.000507s ]
INFO: [ app_end ] --END-- [ RunTime:0.000524s ]

[ 2018-12-29T21:32:30+08:00 ] 127.0.0.1 /index.php?g=Admin&m=Order&a=C_orderList
ERR: 1054:Unknown column 'is_sale' in 'where clause'
 [ SQLËØ≠Âè• ] : SELECT * FROM `oil_card` WHERE ( is_sale=1 ) LIMIT 0,10  

[ 2018-12-29T21:34:47+08:00 ] 127.0.0.1 /index.php?g=Admin&m=Order&a=C_orderList
ERR: 1054:Unknown column 'is_sale' in 'where clause'
 [ SQLËØ≠Âè• ] : SELECT * FROM `oil_card` WHERE ( is_sale=1 ) LIMIT 0,10  

[ 2018-12-29T21:34:50+08:00 ] 127.0.0.1 /index.php?g=Admin&m=Order&a=C_orderList
ERR: 1054:Unknown column 'is_sale' in 'where clause'
 [ SQLËØ≠Âè• ] : SELECT * FROM `oil_card` WHERE ( is_sale=1 ) LIMIT 0,10  

[ 2018-12-29T21:34:54+08:00 ] 127.0.0.1 /index.php?g=Admin&m=Order&a=C_orderList
ERR: 1054:Unknown column 'is_sale' in 'where clause'
 [ SQLËØ≠Âè• ] : SELECT * FROM `oil_card` WHERE ( is_sale=1 ) LIMIT 0,10  

[ 2018-12-29T21:35:41+08:00 ] 127.0.0.1 /index.php?g=&m=Grade&a=confirmSendCard
INFO: [ app_begin ] --START--
INFO: Run Behavior\ReadHtmlCacheBehavior [ RunTime:0.000320s ]
INFO: Run Behavior\CheckLangBehavior [ RunTime:0.000553s ]
INFO: Run Common\Behavior\UrldecodeGetBehavior [ RunTime:0.000202s ]
INFO: [ app_begin ] --END-- [ RunTime:0.001283s ]
INFO: [ admin_begin ] --START--
INFO: Run Common\Behavior\AdminDefaultLangBehavior [ RunTime:0.000668s ]
INFO: [ admin_begin ] --END-- [ RunTime:0.000689s ]
SQL: SHOW COLUMNS FROM `admin_user` [ RunTime:0.0065s ]
SQL: SELECT * FROM `admin_user` WHERE `id` = 1 LIMIT 1   [ RunTime:0.0062s ]
NOTIC: [8] Undefined index: CONFIG_ID D:\PHPTutorial\WWW\youpinwei\application\Common\Controller\AdminbaseController.class.php Á¨¨ 20 Ë°å.
SQL: SHOW COLUMNS FROM `user` [ RunTime:0.0069s ]
SQL: SELECT * FROM `user` WHERE `openid` = 'oKBRH42ngYUOiQM55jK0QnBAsphg' LIMIT 1   [ RunTime:0.0068s ]
SQL: SHOW COLUMNS FROM `agent_library` [ RunTime:0.0064s ]
SQL: INSERT INTO `agent_library` (`user_id`,`openid`,`start_card_no`,`end_card_no`,`each_price`,`card_mode`,`createtime`) VALUES ('10','oKBRH42ngYUOiQM55jK0QnBAsphg','1000000000000080','','0','0','2018-12-29 21:35:41') [ RunTime:0.0268s ]
NOTIC: [8] Undefined variable: arr D:\PHPTutorial\WWW\youpinwei\application\Admin\Controller\GradeController.class.php Á¨¨ 466 Ë°å.
NOTIC: [8] Undefined variable: arr D:\PHPTutorial\WWW\youpinwei\application\Admin\Controller\GradeController.class.php Á¨¨ 468 Ë°å.
SQL: SHOW COLUMNS FROM `user_apply` [ RunTime:0.0069s ]
SQL: INSERT INTO `user_apply` (`user_id`,`receive_person`,`phone`,`address`,`card_number`,`shop_name`,`deliver_number`,`serial_number`) VALUES ('10','','','','0','‰∏≠Áü≥Ê≤πÂä†Ê≤πÂç°','0','20180313950122') [ RunTime:0.0058s ]
NOTIC: [8] Undefined variable: result1 D:\PHPTutorial\WWW\youpinwei\application\Admin\Controller\GradeController.class.php Á¨¨ 474 Ë°å.
INFO: [ app_end ] --START--
INFO: Run Behavior\ShowPageTraceBehavior [ RunTime:0.000444s ]
INFO: [ app_end ] --END-- [ RunTime:0.000463s ]

[ 2018-12-29T22:13:12+08:00 ] 127.0.0.1 /index.php?g=&m=Grade&a=confirmSendCard
INFO: [ app_begin ] --START--
INFO: Run Behavior\ReadHtmlCacheBehavior [ RunTime:0.000334s ]
INFO: Run Behavior\CheckLangBehavior [ RunTime:0.000675s ]
INFO: Run Common\Behavior\UrldecodeGetBehavior [ RunTime:0.000364s ]
INFO: [ app_begin ] --END-- [ RunTime:0.001603s ]
INFO: [ admin_begin ] --START--
INFO: Run Common\Behavior\AdminDefaultLangBehavior [ RunTime:0.000805s ]
INFO: [ admin_begin ] --END-- [ RunTime:0.000825s ]
SQL: SHOW COLUMNS FROM `admin_user` [ RunTime:0.0073s ]
SQL: SELECT * FROM `admin_user` WHERE `id` = 1 LIMIT 1   [ RunTime:0.0061s ]
NOTIC: [8] Undefined index: CONFIG_ID D:\PHPTutorial\WWW\youpinwei\application\Common\Controller\AdminbaseController.class.php Á¨¨ 20 Ë°å.
SQL: SHOW COLUMNS FROM `oil_card` [ RunTime:0.0069s ]
SQL: SELECT `id` FROM `oil_card` WHERE ( card_no >= "2000000000000080" ) LIMIT 1   [ RunTime:0.0054s ]

[ 2018-12-29T22:13:58+08:00 ] 127.0.0.1 /index.php?g=&m=Grade&a=confirmSendCard
INFO: [ app_begin ] --START--
INFO: Run Behavior\ReadHtmlCacheBehavior [ RunTime:0.000322s ]
INFO: Run Behavior\CheckLangBehavior [ RunTime:0.000632s ]
INFO: Run Common\Behavior\UrldecodeGetBehavior [ RunTime:0.000274s ]
INFO: [ app_begin ] --END-- [ RunTime:0.001446s ]
INFO: [ admin_begin ] --START--
INFO: Run Common\Behavior\AdminDefaultLangBehavior [ RunTime:0.000863s ]
INFO: [ admin_begin ] --END-- [ RunTime:0.000890s ]
SQL: SHOW COLUMNS FROM `admin_user` [ RunTime:0.0067s ]
SQL: SELECT * FROM `admin_user` WHERE `id` = 1 LIMIT 1   [ RunTime:0.0063s ]
NOTIC: [8] Undefined index: CONFIG_ID D:\PHPTutorial\WWW\youpinwei\application\Common\Controller\AdminbaseController.class.php Á¨¨ 20 Ë°å.
SQL: SHOW COLUMNS FROM `oil_card` [ RunTime:0.0069s ]
SQL: SELECT `id` FROM `oil_card` WHERE ( card_no >= "2000000000000080" ) LIMIT 1   [ RunTime:0.0056s ]

[ 2018-12-29T22:18:12+08:00 ] 127.0.0.1 /index.php?g=Admin&m=Grade&a=agentlist
ERR: SQLSTATE[HY000] [2002] ”…”⁄¡¨Ω”∑Ω‘⁄“ª∂Œ ±º‰∫Û√ª”–’˝»∑¥∏¥ªÚ¡¨Ω”µƒ÷˜ª˙√ª”–∑¥”¶£¨¡¨Ω”≥¢ ‘ ß∞‹°£


[ 2018-12-29T22:18:34+08:00 ] 127.0.0.1 /index.php?g=&m=Index&a=index
ERR: SQLSTATE[HY000] [2002] ”…”⁄¡¨Ω”∑Ω‘⁄“ª∂Œ ±º‰∫Û√ª”–’˝»∑¥∏¥ªÚ¡¨Ω”µƒ÷˜ª˙√ª”–∑¥”¶£¨¡¨Ω”≥¢ ‘ ß∞‹°£


[ 2018-12-29T22:18:55+08:00 ] 127.0.0.1 /index.php?g=admin&m=public&a=login
ERR: SQLSTATE[HY000] [2002] ”…”⁄¡¨Ω”∑Ω‘⁄“ª∂Œ ±º‰∫Û√ª”–’˝»∑¥∏¥ªÚ¡¨Ω”µƒ÷˜ª˙√ª”–∑¥”¶£¨¡¨Ω”≥¢ ‘ ß∞‹°£


[ 2018-12-29T22:19:17+08:00 ] 127.0.0.1 /index.php?g=admin&m=public&a=login
ERR: SQLSTATE[HY000] [2002] ”…”⁄¡¨Ω”∑Ω‘⁄“ª∂Œ ±º‰∫Û√ª”–’˝»∑¥∏¥ªÚ¡¨Ω”µƒ÷˜ª˙√ª”–∑¥”¶£¨¡¨Ω”≥¢ ‘ ß∞‹°£


[ 2018-12-29T22:20:31+08:00 ] 127.0.0.1 /index.php?g=admin&m=public&a=login
ERR: SQLSTATE[HY000] [2002] ”…”⁄¡¨Ω”∑Ω‘⁄“ª∂Œ ±º‰∫Û√ª”–’˝»∑¥∏¥ªÚ¡¨Ω”µƒ÷˜ª˙√ª”–∑¥”¶£¨¡¨Ω”≥¢ ‘ ß∞‹°£


[ 2018-12-29T22:21:05+08:00 ] 127.0.0.1 /index.php?g=&m=public&a=dologin
INFO: [ app_begin ] --START--
INFO: Run Behavior\ReadHtmlCacheBehavior [ RunTime:0.000301s ]
INFO: Run Behavior\CheckLangBehavior [ RunTime:0.000582s ]
INFO: Run Common\Behavior\UrldecodeGetBehavior [ RunTime:0.000231s ]
INFO: [ app_begin ] --END-- [ RunTime:0.001321s ]
INFO: [ admin_begin ] --START--
INFO: Run Common\Behavior\AdminDefaultLangBehavior [ RunTime:0.000730s ]
INFO: [ admin_begin ] --END-- [ RunTime:0.000750s ]
NOTIC: [8] Undefined index: CONFIG_ID D:\PHPTutorial\WWW\youpinwei\application\Common\Controller\AdminbaseController.class.php Á¨¨ 20 Ë°å.
SQL: SHOW COLUMNS FROM `admin_user` [ RunTime:0.0072s ]
SQL: SELECT * FROM `admin_user` WHERE `username` = 'lianzhiwen' LIMIT 1   [ RunTime:0.0066s ]
SQL: UPDATE `admin_user` SET `username`='lianzhiwen',`password`='d41d8cd98f00698d51a19d8a121ce581499d7b701668427e',`user_group_id`='0',`status`='1',`email`='',`logined_ip`='',`logined`='0000-00-00 00:00:00',`created`='0000-00-00 00:00:00' WHERE `id` = 1 [ RunTime:0.0068s ]

[ 2018-12-29T22:22:51+08:00 ] 127.0.0.1 /index.php?g=&m=Grade&a=confirmSendCard
INFO: [ app_begin ] --START--
INFO: Run Behavior\ReadHtmlCacheBehavior [ RunTime:0.000299s ]
INFO: Run Behavior\CheckLangBehavior [ RunTime:0.000584s ]
INFO: Run Common\Behavior\UrldecodeGetBehavior [ RunTime:0.000252s ]
INFO: [ app_begin ] --END-- [ RunTime:0.001341s ]
INFO: [ admin_begin ] --START--
INFO: Run Common\Behavior\AdminDefaultLangBehavior [ RunTime:0.000835s ]
INFO: [ admin_begin ] --END-- [ RunTime:0.000870s ]
SQL: SHOW COLUMNS FROM `admin_user` [ RunTime:0.0610s ]
SQL: SELECT * FROM `admin_user` WHERE `id` = 1 LIMIT 1   [ RunTime:0.0599s ]
NOTIC: [8] Undefined index: CONFIG_ID D:\PHPTutorial\WWW\youpinwei\application\Common\Controller\AdminbaseController.class.php Á¨¨ 20 Ë°å.
SQL: SHOW COLUMNS FROM `oil_card` [ RunTime:0.0608s ]
SQL: SELECT `id` FROM `oil_card` WHERE ( card_no >= "1000000000000090" ) LIMIT 1   [ RunTime:0.0594s ]
SQL: SELECT `agent_id` FROM `oil_card` WHERE ( card_no = "1000000000000080" ) LIMIT 1   [ RunTime:0.0592s ]
NOTIC: [2] Illegal string offset 'agent_id' D:\PHPTutorial\WWW\youpinwei\application\Admin\Controller\GradeController.class.php Á¨¨ 434 Ë°å.
SQL: UPDATE `oil_card` SET `agent_create_time`='1546093371',`agent_id`='10',`agent_status`='1',`chomd`='2' WHERE (  card_no <= "1000000000000090" AND card_no >= "1000000000000080" ) [ RunTime:0.0596s ]
SQL: SHOW COLUMNS FROM `agent_library` [ RunTime:0.0601s ]
SQL: INSERT INTO `agent_library` (`user_id`,`openid`,`start_card_no`,`end_card_no`,`each_price`,`card_mode`,`createtime`,`status`) VALUES ('10','oKBRH42ngYUOiQM55jK0QnBAsphg','1000000000000080','1000000000000090','30','1','2018-12-29 22:22:51','2') [ RunTime:0.0644s ]

[ 2018-12-29T22:27:51+08:00 ] 127.0.0.1 /index.php?g=&m=Grade&a=sendCardRecord&id=10
ERR: 1052:Column 'openid' in where clause is ambiguous
 [ SQLËØ≠Âè• ] : SELECT * FROM `agent_library` LEFT JOIN agent ON agent_library.openid=agent.openid  WHERE `openid` = 'oKBRH42ngYUOiQM55jK0QnBAsphg' LIMIT 0,10  

[ 2018-12-29T22:28:34+08:00 ] 127.0.0.1 /index.php?g=&m=Grade&a=sendCardRecord&id=10
ERR: 1052:Column 'openid' in where clause is ambiguous
 [ SQLËØ≠Âè• ] : SELECT * FROM `agent_library` LEFT JOIN agent ON agent_library.openid=agent.openid  WHERE `openid` = 'oKBRH42ngYUOiQM55jK0QnBAsphg' LIMIT 0,10  

[ 2018-12-29T22:28:36+08:00 ] 127.0.0.1 /index.php?g=&m=Grade&a=sendCardRecord&id=10
ERR: 1052:Column 'openid' in where clause is ambiguous
 [ SQLËØ≠Âè• ] : SELECT * FROM `agent_library` LEFT JOIN agent ON agent_library.openid=agent.openid  WHERE `openid` = 'oKBRH42ngYUOiQM55jK0QnBAsphg' LIMIT 0,10  

[ 2018-12-29T22:29:01+08:00 ] 127.0.0.1 /index.php?g=&m=Grade&a=sendCardRecord&id=10
ERR: 1052:Column 'openid' in where clause is ambiguous
 [ SQLËØ≠Âè• ] : SELECT * FROM `agent_library` LEFT JOIN agent ON agent.openid="oKBRH42ngYUOiQM55jK0QnBAsphg"  WHERE `openid` = 'oKBRH42ngYUOiQM55jK0QnBAsphg' LIMIT 0,10  

[ 2018-12-29T22:29:02+08:00 ] 127.0.0.1 /index.php?g=&m=Grade&a=sendCardRecord&id=10
ERR: 1052:Column 'openid' in where clause is ambiguous
 [ SQLËØ≠Âè• ] : SELECT * FROM `agent_library` LEFT JOIN agent ON agent.openid="oKBRH42ngYUOiQM55jK0QnBAsphg"  WHERE `openid` = 'oKBRH42ngYUOiQM55jK0QnBAsphg' LIMIT 0,10  

[ 2018-12-29T22:29:34+08:00 ] 127.0.0.1 /index.php?g=&m=Grade&a=sendCardRecord&id=10
ERR: 1052:Column 'openid' in where clause is ambiguous
 [ SQLËØ≠Âè• ] : SELECT * FROM `agent_library` LEFT JOIN agent ON agent.openid=agent_library.openid  WHERE `openid` = 'oKBRH42ngYUOiQM55jK0QnBAsphg' LIMIT 0,10  

[ 2018-12-29T22:30:04+08:00 ] 127.0.0.1 /index.php?g=&m=Grade&a=sendCardRecord&id=10
ERR: 1052:Column 'openid' in where clause is ambiguous
 [ SQLËØ≠Âè• ] : SELECT * FROM `agent_library` LEFT JOIN agent ON `agent`.openid=`agent_library`.openid  WHERE `openid` = 'oKBRH42ngYUOiQM55jK0QnBAsphg' LIMIT 0,10  

[ 2018-12-29T22:30:14+08:00 ] 127.0.0.1 /index.php?g=&m=Grade&a=sendCardRecord&id=10
ERR: 1052:Column 'openid' in where clause is ambiguous
 [ SQLËØ≠Âè• ] : SELECT * FROM `agent_library` LEFT JOIN agent ON `agent`.openid=`agent_library`.openid  WHERE `openid` = 'oKBRH42ngYUOiQM55jK0QnBAsphg' LIMIT 0,10  

[ 2018-12-29T22:31:06+08:00 ] 127.0.0.1 /index.php?g=&m=Grade&a=sendCardRecord&id=10
ERR: 1052:Column 'openid' in where clause is ambiguous
 [ SQLËØ≠Âè• ] : SELECT * FROM `agent_library` LEFT JOIN agent ON `agent`.id=`agent_library`.user_id  WHERE `openid` = 'oKBRH42ngYUOiQM55jK0QnBAsphg' LIMIT 0,10  

[ 2018-12-29T22:40:35+08:00 ] 127.0.0.1 /index.php?g=&m=Grade&a=payCard&id=10
ERR: syntax error, unexpected '' (T_ENCAPSED_AND_WHITESPACE), expecting identifier (T_STRING) or variable (T_VARIABLE) or number (T_NUM_STRING)

[ 2018-12-29T22:45:16+08:00 ] 127.0.0.1 /index.php?g=&m=Grade&a=payCard&id=10
ERR: syntax error, unexpected 'agent_create_time' (T_STRING), expecting ',' or ')'

[ 2018-12-29T22:45:17+08:00 ] 127.0.0.1 /index.php?g=&m=Grade&a=payCard&id=10
ERR: syntax error, unexpected 'agent_create_time' (T_STRING), expecting ',' or ')'

[ 2018-12-29T23:29:50+08:00 ] 127.0.0.1 /index.php?g=&m=grade&a=addAgent
INFO: [ app_begin ] --START--
INFO: Run Behavior\ReadHtmlCacheBehavior [ RunTime:0.000315s ]
INFO: Run Behavior\CheckLangBehavior [ RunTime:0.000578s ]
INFO: Run Common\Behavior\UrldecodeGetBehavior [ RunTime:0.000235s ]
INFO: [ app_begin ] --END-- [ RunTime:0.001334s ]
INFO: [ admin_begin ] --START--
INFO: Run Common\Behavior\AdminDefaultLangBehavior [ RunTime:0.000723s ]
INFO: [ admin_begin ] --END-- [ RunTime:0.000744s ]
SQL: SHOW COLUMNS FROM `admin_user` [ RunTime:0.0585s ]
SQL: SELECT * FROM `admin_user` WHERE `id` = 1 LIMIT 1   [ RunTime:0.0582s ]
NOTIC: [8] Undefined index: CONFIG_ID D:\PHPTutorial\WWW\youpinwei\application\Common\Controller\AdminbaseController.class.php Á¨¨ 20 Ë°å.
SQL: SHOW COLUMNS FROM `agent` [ RunTime:0.0589s ]
SQL: SELECT * FROM `agent` WHERE ( openid="oKBRH47WaRpRYboyn9dENlIbW1EE" ) LIMIT 1   [ RunTime:0.0584s ]
SQL: SHOW COLUMNS FROM `oil_card` [ RunTime:0.0588s ]
NOTIC: [8] Undefined index: start D:\PHPTutorial\WWW\youpinwei\application\Admin\Controller\GradeController.class.php Á¨¨ 249 Ë°å.
SQL: SELECT `id` FROM `oil_card` WHERE ( card_no >= "" ) LIMIT 1   [ RunTime:0.0574s ]
NOTIC: [8] Undefined index: start D:\PHPTutorial\WWW\youpinwei\application\Admin\Controller\GradeController.class.php Á¨¨ 255 Ë°å.
SQL: SELECT `agent_id` FROM `oil_card` WHERE ( card_no = "" ) LIMIT 1   [ RunTime:0.0573s ]
SQL: UPDATE `oil_card` SET `agent_create_time`='1546097390',`agent_id`='1',`agent_status`='1',`chomd`='2' WHERE (  card_no <= "" AND card_no >= "" ) [ RunTime:0.0576s ]
INFO: [ app_end ] --START--
INFO: Run Behavior\ShowPageTraceBehavior [ RunTime:0.000421s ]
INFO: [ app_end ] --END-- [ RunTime:0.000439s ]

[ 2018-12-29T23:50:37+08:00 ] 127.0.0.1 /index.php?g=&m=grade&a=addAgent
INFO: [ app_begin ] --START--
INFO: Run Behavior\ReadHtmlCacheBehavior [ RunTime:0.000300s ]
INFO: Run Behavior\CheckLangBehavior [ RunTime:0.000607s ]
INFO: Run Common\Behavior\UrldecodeGetBehavior [ RunTime:0.000262s ]
INFO: [ app_begin ] --END-- [ RunTime:0.001374s ]
INFO: [ admin_begin ] --START--
INFO: Run Common\Behavior\AdminDefaultLangBehavior [ RunTime:0.000800s ]
INFO: [ admin_begin ] --END-- [ RunTime:0.000820s ]
SQL: SHOW COLUMNS FROM `admin_user` [ RunTime:0.0600s ]
SQL: SELECT * FROM `admin_user` WHERE `id` = 1 LIMIT 1   [ RunTime:0.0594s ]
NOTIC: [8] Undefined index: CONFIG_ID D:\PHPTutorial\WWW\youpinwei\application\Common\Controller\AdminbaseController.class.php Á¨¨ 20 Ë°å.
SQL: SHOW COLUMNS FROM `agent` [ RunTime:0.0603s ]
SQL: SELECT * FROM `agent` WHERE ( openid="oKBRH47WaRpRYboyn9dENlIbW1EE" ) LIMIT 1   [ RunTime:0.0602s ]
SQL: SHOW COLUMNS FROM `oil_card` [ RunTime:0.0599s ]
SQL: SELECT `id` FROM `oil_card` WHERE ( card_no >= "1000000000000100" ) LIMIT 1   [ RunTime:0.0588s ]
SQL: SELECT `agent_id` FROM `oil_card` WHERE ( card_no = "1000000000000091" ) LIMIT 1   [ RunTime:0.0586s ]
NOTIC: [2] Illegal string offset 'agent_id' D:\PHPTutorial\WWW\youpinwei\application\Admin\Controller\GradeController.class.php Á¨¨ 256 Ë°å.
SQL: UPDATE `oil_card` SET `agent_create_time`='1546098637',`agent_id`='1',`agent_status`='1',`chomd`='2' WHERE (  card_no <= "1000000000000100" AND card_no >= "1000000000000091" ) [ RunTime:0.0590s ]
SQL: SHOW COLUMNS FROM `agent_library` [ RunTime:0.0597s ]
SQL: INSERT INTO `agent_library` (`user_id`,`openid`,`start_card_no`,`end_card_no`,`card_no_num`,`each_price`,`card_mode`,`createtime`,`status`) VALUES ('1','oKBRH47WaRpRYboyn9dENlIbW1EE','1000000000000091','1000000000000100','1','20','2','2018-12-29 23:50:37','2') [ RunTime:0.0801s ]
SQL: UPDATE `agent` SET `deposit`='20',`role`='3',`vip_direct_scale`='2.5',`user_direct_scale`='2',`vip_indirect_scale`='1.5',`user_indirect_scale`='1',`expire_time`='2019-12-29 23:50:37' WHERE ( openid="oKBRH47WaRpRYboyn9dENlIbW1EE" ) [ RunTime:0.0588s ]

[ 2018-12-29T23:50:39+08:00 ] 127.0.0.1 /index.php?g=&m=grade&a=addAgent
INFO: [ app_begin ] --START--
INFO: Run Behavior\ReadHtmlCacheBehavior [ RunTime:0.000306s ]
INFO: Run Behavior\CheckLangBehavior [ RunTime:0.000658s ]
INFO: Run Common\Behavior\UrldecodeGetBehavior [ RunTime:0.000272s ]
INFO: [ app_begin ] --END-- [ RunTime:0.001451s ]
INFO: [ admin_begin ] --START--
INFO: Run Common\Behavior\AdminDefaultLangBehavior [ RunTime:0.000824s ]
INFO: [ admin_begin ] --END-- [ RunTime:0.000850s ]
SQL: SHOW COLUMNS FROM `admin_user` [ RunTime:0.0614s ]
SQL: SELECT * FROM `admin_user` WHERE `id` = 1 LIMIT 1   [ RunTime:0.0611s ]
NOTIC: [8] Undefined index: CONFIG_ID D:\PHPTutorial\WWW\youpinwei\application\Common\Controller\AdminbaseController.class.php Á¨¨ 20 Ë°å.
SQL: SHOW COLUMNS FROM `agent` [ RunTime:0.0618s ]
SQL: SELECT * FROM `agent` WHERE ( openid="oKBRH47WaRpRYboyn9dENlIbW1EE" ) LIMIT 1   [ RunTime:0.0616s ]
SQL: SHOW COLUMNS FROM `oil_card` [ RunTime:0.0615s ]
SQL: SELECT `id` FROM `oil_card` WHERE ( card_no >= "1000000000000100" ) LIMIT 1   [ RunTime:0.0601s ]
SQL: SELECT `agent_id` FROM `oil_card` WHERE ( card_no = "1000000000000091" ) LIMIT 1   [ RunTime:0.0603s ]
NOTIC: [2] Illegal string offset 'agent_id' D:\PHPTutorial\WWW\youpinwei\application\Admin\Controller\GradeController.class.php Á¨¨ 256 Ë°å.

[ 2018-12-29T23:57:42+08:00 ] 127.0.0.1 /index.php?g=&m=Grade&a=confirmSendCard
INFO: [ app_begin ] --START--
INFO: Run Behavior\ReadHtmlCacheBehavior [ RunTime:0.000330s ]
INFO: Run Behavior\CheckLangBehavior [ RunTime:0.000686s ]
INFO: Run Common\Behavior\UrldecodeGetBehavior [ RunTime:0.000288s ]
INFO: [ app_begin ] --END-- [ RunTime:0.001547s ]
INFO: [ admin_begin ] --START--
INFO: Run Common\Behavior\AdminDefaultLangBehavior [ RunTime:0.000957s ]
INFO: [ admin_begin ] --END-- [ RunTime:0.001025s ]
SQL: SHOW COLUMNS FROM `admin_user` [ RunTime:0.0601s ]
SQL: SELECT * FROM `admin_user` WHERE `id` = 1 LIMIT 1   [ RunTime:0.0599s ]
NOTIC: [8] Undefined index: CONFIG_ID D:\PHPTutorial\WWW\youpinwei\application\Common\Controller\AdminbaseController.class.php Á¨¨ 20 Ë°å.
SQL: SHOW COLUMNS FROM `agent` [ RunTime:0.0605s ]
SQL: SELECT * FROM `agent` WHERE ( openid="oKBRH47WaRpRYboyn9dENlIbW1EE" ) LIMIT 1   [ RunTime:0.0604s ]
SQL: SHOW COLUMNS FROM `oil_card` [ RunTime:0.0604s ]
SQL: SELECT `id` FROM `oil_card` WHERE ( card_no >= "1000000000000102" ) LIMIT 1   [ RunTime:0.0589s ]
SQL: SELECT `agent_id` FROM `oil_card` WHERE ( card_no = "1000000000000101" ) LIMIT 1   [ RunTime:0.0591s ]
NOTIC: [2] Illegal string offset 'agent_id' D:\PHPTutorial\WWW\youpinwei\application\Admin\Controller\GradeController.class.php Á¨¨ 448 Ë°å.
SQL: UPDATE `oil_card` SET `agent_create_time`='1546099062',`agent_id`='1',`agent_status`='1',`chomd`='2' WHERE (  card_no <= "1000000000000102" AND card_no >= "1000000000000101" ) [ RunTime:0.0592s ]
SQL: SHOW COLUMNS FROM `agent_library` [ RunTime:0.0600s ]
SQL: INSERT INTO `agent_library` (`user_id`,`openid`,`start_card_no`,`end_card_no`,`card_no_num`,`each_price`,`card_mode`,`createtime`,`status`) VALUES ('1','oKBRH47WaRpRYboyn9dENlIbW1EE','1000000000000101','1000000000000102','2','30','1','2018-12-29 23:57:42','2') [ RunTime:0.0634s ]
SQL: UPDATE `agent` SET `deposit`='260' WHERE ( openid="oKBRH47WaRpRYboyn9dENlIbW1EE" ) [ RunTime:0.0592s ]

[ 2018-12-29T23:59:50+08:00 ] 127.0.0.1 /index.php?g=&m=Grade&a=payCard&id=1
ERR: 1052:Column 'id' in order clause is ambiguous
 [ SQLËØ≠Âè• ] : SELECT * FROM `oil_card` LEFT JOIN user ON user.id=oil_card.user_id  WHERE (  agent_id = "1" ) ORDER BY id desc LIMIT 0,10  

