[ 2019-01-01T10:59:05+08:00 ] 127.0.0.1 /index.php?g=&m=Deliver&a=C_deliverdetail
INFO: [ app_begin ] --START--
INFO: Run Behavior\ReadHtmlCacheBehavior [ RunTime:0.000350s ]
INFO: Run Behavior\CheckLangBehavior [ RunTime:0.000645s ]
INFO: Run Common\Behavior\UrldecodeGetBehavior [ RunTime:0.000242s ]
INFO: [ app_begin ] --END-- [ RunTime:0.001487s ]
INFO: [ admin_begin ] --START--
INFO: Run Common\Behavior\AdminDefaultLangBehavior [ RunTime:0.000780s ]
INFO: [ admin_begin ] --END-- [ RunTime:0.000799s ]
SQL: SHOW COLUMNS FROM `admin_user` [ RunTime:0.0068s ]
SQL: SELECT * FROM `admin_user` WHERE `id` = 1 LIMIT 1   [ RunTime:0.0064s ]
SQL: SHOW COLUMNS FROM `user_apply` [ RunTime:0.0070s ]
SQL: SELECT * FROM `user_apply` WHERE `user_id` = 56 LIMIT 1   [ RunTime:0.0073s ]
SQL: SHOW COLUMNS FROM `oil_card` [ RunTime:0.0075s ]
SQL: SELECT * FROM `oil_card` WHERE `user_id` = 56 LIMIT 1   [ RunTime:0.0070s ]
SQL: SHOW COLUMNS FROM `order_record` [ RunTime:0.0070s ]
SQL: SELECT * FROM `order_record` WHERE `user_id` = 56 LIMIT 1   [ RunTime:0.0073s ]
NOTIC: [8] Undefined index: money D:\PHPTutorial\WWW\youpinwei\application\Admin\Controller\DeliverController.class.php 第 192 行.
NOTIC: [8] Undefined index: url D:\PHPTutorial\WWW\youpinwei\application\Common\Controller\AppframeController.class.php 第 22 行.

[ 2019-01-01T10:59:18+08:00 ] 127.0.0.1 /index.php?g=&m=Deliver&a=C_deliverdetail
INFO: [ app_begin ] --START--
INFO: Run Behavior\ReadHtmlCacheBehavior [ RunTime:0.000315s ]
INFO: Run Behavior\CheckLangBehavior [ RunTime:0.000653s ]
INFO: Run Common\Behavior\UrldecodeGetBehavior [ RunTime:0.000253s ]
INFO: [ app_begin ] --END-- [ RunTime:0.001457s ]
INFO: [ admin_begin ] --START--
INFO: Run Common\Behavior\AdminDefaultLangBehavior [ RunTime:0.000784s ]
INFO: [ admin_begin ] --END-- [ RunTime:0.000804s ]
SQL: SHOW COLUMNS FROM `admin_user` [ RunTime:0.0059s ]
SQL: SELECT * FROM `admin_user` WHERE `id` = 1 LIMIT 1   [ RunTime:0.0054s ]
SQL: SHOW COLUMNS FROM `user_apply` [ RunTime:0.0059s ]
SQL: SELECT * FROM `user_apply` WHERE `user_id` = 56 LIMIT 1   [ RunTime:0.0063s ]
SQL: SHOW COLUMNS FROM `oil_card` [ RunTime:0.0060s ]
SQL: SELECT * FROM `oil_card` WHERE `user_id` = 56 LIMIT 1   [ RunTime:0.0062s ]
SQL: SHOW COLUMNS FROM `order_record` [ RunTime:0.0061s ]
SQL: SELECT * FROM `order_record` WHERE `user_id` = 56 LIMIT 1   [ RunTime:0.0062s ]
NOTIC: [8] Undefined index: money D:\PHPTutorial\WWW\youpinwei\application\Admin\Controller\DeliverController.class.php 第 192 行.
NOTIC: [8] Undefined index: url D:\PHPTutorial\WWW\youpinwei\application\Common\Controller\AppframeController.class.php 第 22 行.

