[ 2019-03-12T10:38:04+08:00 ] ::1 /youpinwei/index.php?g=&m=public&a=dologin
INFO: [ app_begin ] --START--
INFO: Run Behavior\ReadHtmlCacheBehavior [ RunTime:0.000055s ]
INFO: Run Behavior\CheckLangBehavior [ RunTime:0.000154s ]
INFO: Run Common\Behavior\UrldecodeGetBehavior [ RunTime:0.000052s ]
INFO: [ app_begin ] --END-- [ RunTime:0.000366s ]
INFO: [ admin_begin ] --START--
INFO: Run Common\Behavior\AdminDefaultLangBehavior [ RunTime:0.000159s ]
INFO: [ admin_begin ] --END-- [ RunTime:0.000178s ]
SQL: SHOW COLUMNS FROM `admin_user` [ RunTime:0.0552s ]
SQL: SELECT * FROM `admin_user` WHERE `username` = 'ypw' LIMIT 1   [ RunTime:0.1522s ]
SQL: UPDATE `admin_user` SET `username`='ypw',`password`='###24eb37b32848e24709915341e3546e07',`user_group_id`='0',`status`='1',`email`='',`logined_ip`='',`logined`='2019-01-11 15:11:58',`created`='2019-01-11 15:12:04' WHERE `id` = 1 [ RunTime:0.0539s ]

[ 2019-03-12T11:15:21+08:00 ] ::1 /youpinwei/index.php?g=&m=order&a=ProhibitCard
INFO: [ app_begin ] --START--
INFO: Run Behavior\ReadHtmlCacheBehavior [ RunTime:0.000024s ]
INFO: Run Behavior\CheckLangBehavior [ RunTime:0.000101s ]
INFO: Run Common\Behavior\UrldecodeGetBehavior [ RunTime:0.000030s ]
INFO: [ app_begin ] --END-- [ RunTime:0.000225s ]
INFO: [ admin_begin ] --START--
INFO: Run Common\Behavior\AdminDefaultLangBehavior [ RunTime:0.000796s ]
INFO: [ admin_begin ] --END-- [ RunTime:0.000865s ]
SQL: SHOW COLUMNS FROM `admin_user` [ RunTime:0.0366s ]
SQL: SELECT * FROM `admin_user` WHERE `id` = 1 LIMIT 1   [ RunTime:2.3027s ]
SQL: SHOW COLUMNS FROM `oil_card` [ RunTime:0.1567s ]
SQL: UPDATE `oil_card` SET `is_notmal`='2',`desc`='系统禁用' WHERE `id` = 0 [ RunTime:0.0321s ]
SQL: SELECT `user_id` FROM `oil_card` WHERE `id` = 0 LIMIT 1   [ RunTime:0.0332s ]

[ 2019-03-12T11:15:21+08:00 ] ::1 /youpinwei/index.php?g=&m=order&a=ProhibitCard
INFO: [ app_begin ] --START--
INFO: Run Behavior\ReadHtmlCacheBehavior [ RunTime:0.000039s ]
INFO: Run Behavior\CheckLangBehavior [ RunTime:0.000152s ]
INFO: Run Common\Behavior\UrldecodeGetBehavior [ RunTime:0.000043s ]
INFO: [ app_begin ] --END-- [ RunTime:0.000294s ]
INFO: [ admin_begin ] --START--
INFO: Run Common\Behavior\AdminDefaultLangBehavior [ RunTime:0.000221s ]
INFO: [ admin_begin ] --END-- [ RunTime:0.000268s ]
SQL: SHOW COLUMNS FROM `admin_user` [ RunTime:0.1078s ]
SQL: SELECT * FROM `admin_user` WHERE `id` = 1 LIMIT 1   [ RunTime:0.0789s ]
SQL: SHOW COLUMNS FROM `oil_card` [ RunTime:0.0580s ]
SQL: UPDATE `oil_card` SET `is_notmal`='2',`desc`='系统禁用' WHERE `id` = 0 [ RunTime:0.0541s ]
SQL: SELECT `user_id` FROM `oil_card` WHERE `id` = 0 LIMIT 1   [ RunTime:0.0158s ]

[ 2019-03-12T11:17:23+08:00 ] ::1 /youpinwei/index.php?g=&m=order&a=ProhibitCard
INFO: [ app_begin ] --START--
INFO: Run Behavior\ReadHtmlCacheBehavior [ RunTime:0.000057s ]
INFO: Run Behavior\CheckLangBehavior [ RunTime:0.001331s ]
INFO: Run Common\Behavior\UrldecodeGetBehavior [ RunTime:0.000151s ]
INFO: [ app_begin ] --END-- [ RunTime:0.001694s ]
INFO: [ admin_begin ] --START--
INFO: Run Common\Behavior\AdminDefaultLangBehavior [ RunTime:0.000308s ]
INFO: [ admin_begin ] --END-- [ RunTime:0.000410s ]
SQL: SHOW COLUMNS FROM `admin_user` [ RunTime:0.1678s ]
SQL: SELECT * FROM `admin_user` WHERE `id` = 1 LIMIT 1   [ RunTime:0.1347s ]
SQL: SHOW COLUMNS FROM `oil_card` [ RunTime:0.1018s ]
SQL: UPDATE `oil_card` SET `is_notmal`='2',`desc`='系统禁用' WHERE `id` = 0 [ RunTime:0.0638s ]
SQL: SELECT `user_id` FROM `oil_card` WHERE `id` = 0 LIMIT 1   [ RunTime:0.1284s ]

[ 2019-03-12T11:17:25+08:00 ] ::1 /youpinwei/index.php?g=&m=order&a=C_orderList/index.php?g=admin&m=order&a=getCard
INFO: [ app_begin ] --START--
INFO: Run Behavior\ReadHtmlCacheBehavior [ RunTime:0.000058s ]
INFO: Run Behavior\CheckLangBehavior [ RunTime:0.000144s ]
INFO: Run Common\Behavior\UrldecodeGetBehavior [ RunTime:0.000046s ]
INFO: [ app_begin ] --END-- [ RunTime:0.000373s ]
INFO: [ admin_begin ] --START--
INFO: Run Common\Behavior\AdminDefaultLangBehavior [ RunTime:0.000225s ]
INFO: [ admin_begin ] --END-- [ RunTime:0.000274s ]
SQL: SHOW COLUMNS FROM `admin_user` [ RunTime:0.0101s ]
SQL: SELECT * FROM `admin_user` WHERE `id` = 1 LIMIT 1   [ RunTime:0.0093s ]
SQL: SHOW COLUMNS FROM `oil_card` [ RunTime:0.2946s ]
SQL: SELECT * FROM `oil_card` WHERE `id` = 0 LIMIT 1   [ RunTime:0.6907s ]

[ 2019-03-12T11:17:57+08:00 ] ::1 /youpinwei/index.php?g=&m=order&a=ProhibitCard
INFO: [ app_begin ] --START--
INFO: Run Behavior\ReadHtmlCacheBehavior [ RunTime:0.000032s ]
INFO: Run Behavior\CheckLangBehavior [ RunTime:0.000113s ]
INFO: Run Common\Behavior\UrldecodeGetBehavior [ RunTime:0.000036s ]
INFO: [ app_begin ] --END-- [ RunTime:0.000244s ]
INFO: [ admin_begin ] --START--
INFO: Run Common\Behavior\AdminDefaultLangBehavior [ RunTime:0.000122s ]
INFO: [ admin_begin ] --END-- [ RunTime:0.000139s ]
SQL: SHOW COLUMNS FROM `admin_user` [ RunTime:0.0128s ]
SQL: SELECT * FROM `admin_user` WHERE `id` = 1 LIMIT 1   [ RunTime:0.0093s ]
SQL: SHOW COLUMNS FROM `oil_card` [ RunTime:0.0221s ]
SQL: UPDATE `oil_card` SET `is_notmal`='2',`desc`='系统禁用' WHERE `id` = 0 [ RunTime:0.0134s ]
SQL: SELECT `user_id` FROM `oil_card` WHERE `id` = 0 LIMIT 1   [ RunTime:0.0105s ]

[ 2019-03-12T11:17:57+08:00 ] ::1 /youpinwei/index.php?g=&m=Order&a=C_orderList&p=21/index.php?g=admin&m=order&a=getCard
INFO: [ app_begin ] --START--
INFO: Run Behavior\ReadHtmlCacheBehavior [ RunTime:0.000042s ]
INFO: Run Behavior\CheckLangBehavior [ RunTime:0.000146s ]
INFO: Run Common\Behavior\UrldecodeGetBehavior [ RunTime:0.000048s ]
INFO: [ app_begin ] --END-- [ RunTime:0.000312s ]
INFO: [ admin_begin ] --START--
INFO: Run Common\Behavior\AdminDefaultLangBehavior [ RunTime:0.000193s ]
INFO: [ admin_begin ] --END-- [ RunTime:0.000261s ]
SQL: SHOW COLUMNS FROM `admin_user` [ RunTime:0.0082s ]
SQL: SELECT * FROM `admin_user` WHERE `id` = 1 LIMIT 1   [ RunTime:0.0080s ]
SQL: SHOW COLUMNS FROM `oil_card` [ RunTime:0.0090s ]
SQL: SELECT * FROM `oil_card` WHERE `id` = 0 LIMIT 1   [ RunTime:0.0195s ]

